<?xml version="1.0" encoding="UTF-8"?>
<!-- Generated by org.testng.reporters.JUnitXMLReporter -->
<testsuite hostname="LAPTOP-Q3S8RENO" ignored="0" name="Test" tests="7" failures="0" timestamp="2019-11-04T13:33:21 PST" time="0.203" errors="0">
  <testcase name="f" time="0.016" classname="com.practice.Testing1"/>
  <testcase name="f" time="0.0" classname="com.practice.Testing1"/>
  <testcase name="test1" time="0.0" classname="com.practice.Testing1"/>
  <testcase name="test2" time="0.015" classname="com.practice.Testing1"/>
  <testcase name="test3" time="0.0" classname="com.practice.Testing1"/>
  <testcase name="testing4" time="0.0" classname="com.practice.Testing2"/>
  <testcase name="testing5" time="0.0" classname="com.practice.Testing2"/>
</testsuite> <!-- Test -->
