<?xml version="1.0" encoding="UTF-8"?>
<testng-results skipped="0" failed="0" ignored="0" total="7" passed="7">
  <reporter-output>
  </reporter-output>
  <suite name="Suite" duration-ms="203" started-at="2019-11-04T13:33:21 PST" finished-at="2019-11-04T13:33:21 PST">
    <groups>
    </groups>
    <test name="Test" duration-ms="203" started-at="2019-11-04T13:33:21 PST" finished-at="2019-11-04T13:33:21 PST">
      <class name="com.practice.Testing2">
        <test-method status="PASS" signature="testing5()[pri:0, instance:com.practice.Testing2@3701eaf6]" name="testing5" duration-ms="0" started-at="2019-11-04T13:33:21 PST" finished-at="2019-11-04T13:33:21 PST">
          <reporter-output>
          </reporter-output>
        </test-method> <!-- testing5 -->
        <test-method status="PASS" signature="testing4()[pri:0, instance:com.practice.Testing2@3701eaf6]" name="testing4" duration-ms="0" started-at="2019-11-04T13:33:21 PST" finished-at="2019-11-04T13:33:21 PST">
          <reporter-output>
          </reporter-output>
        </test-method> <!-- testing4 -->
      </class> <!-- com.practice.Testing2 -->
      <class name="com.practice.Testing1">
        <test-method status="PASS" signature="beforeSuite()[pri:0, instance:com.practice.Testing1@5c5a1b69]" name="beforeSuite" is-config="true" duration-ms="47" started-at="2019-11-04T13:33:21 PST" finished-at="2019-11-04T13:33:21 PST">
          <reporter-output>
          </reporter-output>
        </test-method> <!-- beforeSuite -->
        <test-method status="PASS" signature="beforeTest()[pri:0, instance:com.practice.Testing1@5c5a1b69]" name="beforeTest" is-config="true" duration-ms="0" started-at="2019-11-04T13:33:21 PST" finished-at="2019-11-04T13:33:21 PST">
          <reporter-output>
          </reporter-output>
        </test-method> <!-- beforeTest -->
        <test-method status="PASS" signature="beforeClass()[pri:0, instance:com.practice.Testing1@5c5a1b69]" name="beforeClass" is-config="true" duration-ms="0" started-at="2019-11-04T13:33:21 PST" finished-at="2019-11-04T13:33:21 PST">
          <reporter-output>
          </reporter-output>
        </test-method> <!-- beforeClass -->
        <test-method status="PASS" signature="beforeMethod()[pri:0, instance:com.practice.Testing1@5c5a1b69]" name="beforeMethod" is-config="true" duration-ms="0" started-at="2019-11-04T13:33:21 PST" finished-at="2019-11-04T13:33:21 PST">
          <reporter-output>
          </reporter-output>
        </test-method> <!-- beforeMethod -->
        <test-method status="PASS" signature="f(java.lang.Integer, java.lang.String)[pri:0, instance:com.practice.Testing1@5c5a1b69]" name="f" duration-ms="16" started-at="2019-11-04T13:33:21 PST" data-provider="dp" finished-at="2019-11-04T13:33:21 PST">
          <params>
            <param index="0">
              <value>
                <![CDATA[1]]>
              </value>
            </param>
            <param index="1">
              <value>
                <![CDATA[a]]>
              </value>
            </param>
          </params>
          <reporter-output>
          </reporter-output>
        </test-method> <!-- f -->
        <test-method status="PASS" signature="beforeMethod()[pri:0, instance:com.practice.Testing1@5c5a1b69]" name="beforeMethod" is-config="true" duration-ms="15" started-at="2019-11-04T13:33:21 PST" finished-at="2019-11-04T13:33:21 PST">
          <reporter-output>
          </reporter-output>
        </test-method> <!-- beforeMethod -->
        <test-method status="PASS" signature="afterMethod()[pri:0, instance:com.practice.Testing1@5c5a1b69]" name="afterMethod" is-config="true" duration-ms="0" started-at="2019-11-04T13:33:21 PST" finished-at="2019-11-04T13:33:21 PST">
          <reporter-output>
          </reporter-output>
        </test-method> <!-- afterMethod -->
        <test-method status="PASS" signature="afterMethod()[pri:0, instance:com.practice.Testing1@5c5a1b69]" name="afterMethod" is-config="true" duration-ms="0" started-at="2019-11-04T13:33:21 PST" finished-at="2019-11-04T13:33:21 PST">
          <reporter-output>
          </reporter-output>
        </test-method> <!-- afterMethod -->
        <test-method status="PASS" signature="f(java.lang.Integer, java.lang.String)[pri:0, instance:com.practice.Testing1@5c5a1b69]" name="f" duration-ms="0" started-at="2019-11-04T13:33:21 PST" data-provider="dp" finished-at="2019-11-04T13:33:21 PST">
          <params>
            <param index="0">
              <value>
                <![CDATA[2]]>
              </value>
            </param>
            <param index="1">
              <value>
                <![CDATA[b]]>
              </value>
            </param>
          </params>
          <reporter-output>
          </reporter-output>
        </test-method> <!-- f -->
        <test-method status="PASS" signature="beforeMethod()[pri:0, instance:com.practice.Testing1@5c5a1b69]" name="beforeMethod" is-config="true" duration-ms="0" started-at="2019-11-04T13:33:21 PST" finished-at="2019-11-04T13:33:21 PST">
          <reporter-output>
          </reporter-output>
        </test-method> <!-- beforeMethod -->
        <test-method status="PASS" signature="test1()[pri:0, instance:com.practice.Testing1@5c5a1b69]" name="test1" duration-ms="0" started-at="2019-11-04T13:33:21 PST" finished-at="2019-11-04T13:33:21 PST">
          <reporter-output>
          </reporter-output>
        </test-method> <!-- test1 -->
        <test-method status="PASS" signature="beforeMethod()[pri:0, instance:com.practice.Testing1@5c5a1b69]" name="beforeMethod" is-config="true" duration-ms="0" started-at="2019-11-04T13:33:21 PST" finished-at="2019-11-04T13:33:21 PST">
          <reporter-output>
          </reporter-output>
        </test-method> <!-- beforeMethod -->
        <test-method status="PASS" signature="afterMethod()[pri:0, instance:com.practice.Testing1@5c5a1b69]" name="afterMethod" is-config="true" duration-ms="0" started-at="2019-11-04T13:33:21 PST" finished-at="2019-11-04T13:33:21 PST">
          <reporter-output>
          </reporter-output>
        </test-method> <!-- afterMethod -->
        <test-method status="PASS" signature="test2()[pri:0, instance:com.practice.Testing1@5c5a1b69]" name="test2" duration-ms="15" started-at="2019-11-04T13:33:21 PST" finished-at="2019-11-04T13:33:21 PST">
          <reporter-output>
          </reporter-output>
        </test-method> <!-- test2 -->
        <test-method status="PASS" signature="beforeMethod()[pri:0, instance:com.practice.Testing1@5c5a1b69]" name="beforeMethod" is-config="true" duration-ms="0" started-at="2019-11-04T13:33:21 PST" finished-at="2019-11-04T13:33:21 PST">
          <reporter-output>
          </reporter-output>
        </test-method> <!-- beforeMethod -->
        <test-method status="PASS" signature="afterMethod()[pri:0, instance:com.practice.Testing1@5c5a1b69]" name="afterMethod" is-config="true" duration-ms="0" started-at="2019-11-04T13:33:21 PST" finished-at="2019-11-04T13:33:21 PST">
          <reporter-output>
          </reporter-output>
        </test-method> <!-- afterMethod -->
        <test-method status="PASS" signature="afterMethod()[pri:0, instance:com.practice.Testing1@5c5a1b69]" name="afterMethod" is-config="true" duration-ms="0" started-at="2019-11-04T13:33:21 PST" finished-at="2019-11-04T13:33:21 PST">
          <reporter-output>
          </reporter-output>
        </test-method> <!-- afterMethod -->
        <test-method status="PASS" signature="afterClass()[pri:0, instance:com.practice.Testing1@5c5a1b69]" name="afterClass" is-config="true" duration-ms="0" started-at="2019-11-04T13:33:21 PST" finished-at="2019-11-04T13:33:21 PST">
          <reporter-output>
          </reporter-output>
        </test-method> <!-- afterClass -->
        <test-method status="PASS" signature="test3()[pri:0, instance:com.practice.Testing1@5c5a1b69]" name="test3" duration-ms="0" started-at="2019-11-04T13:33:21 PST" finished-at="2019-11-04T13:33:21 PST">
          <reporter-output>
          </reporter-output>
        </test-method> <!-- test3 -->
        <test-method status="PASS" signature="afterTest()[pri:0, instance:com.practice.Testing1@5c5a1b69]" name="afterTest" is-config="true" duration-ms="0" started-at="2019-11-04T13:33:21 PST" finished-at="2019-11-04T13:33:21 PST">
          <reporter-output>
          </reporter-output>
        </test-method> <!-- afterTest -->
        <test-method status="PASS" signature="afterSuite()[pri:0, instance:com.practice.Testing1@5c5a1b69]" name="afterSuite" is-config="true" duration-ms="0" started-at="2019-11-04T13:33:21 PST" finished-at="2019-11-04T13:33:21 PST">
          <reporter-output>
          </reporter-output>
        </test-method> <!-- afterSuite -->
      </class> <!-- com.practice.Testing1 -->
    </test> <!-- Test -->
  </suite> <!-- Suite -->
</testng-results>
